<?xml version="1.0" encoding="UTF-8"?>
<!-- Generated by org.testng.reporters.JUnitReportReporter -->
<testsuite hostname="HYDMBCP1069" failures="0" tests="4" name="test.TestNGAnnotations" time="0.027" errors="0" timestamp="2024-06-24T11:50:21 IST" skipped="0">
  <testcase classname="test.TestNGAnnotations" name="firstGroupMethodOne" time="0.019"/>
  <system-out/>
  <testcase classname="test.TestNGAnnotations" name="firstGroupMethodTwo" time="0.003"/>
  <system-out/>
  <testcase classname="test.TestNGAnnotations" name="secondGroupMethodTwo" time="0.003"/>
  <system-out/>
  <testcase classname="test.TestNGAnnotations" name="secondGroupMethodOne" time="0.002"/>
  <system-out/>
</testsuite> <!-- test.TestNGAnnotations -->
