<?xml version="1.0" encoding="UTF-8"?>
<!-- Generated by org.testng.reporters.JUnitReportReporter -->
<testsuite hostname="HYDMBCP1069" failures="0" tests="2" name="test2.day1" time="0.022" errors="0" timestamp="2024-06-12T23:16:03 IST" skipped="0">
  <testcase classname="test2.day1" name="test_2" time="0.002"/>
  <system-out/>
  <testcase classname="test2.day1" name="test_1" time="0.020"/>
  <system-out/>
</testsuite> <!-- test2.day1 -->
