<?xml version="1.0" encoding="UTF-8"?>
<!-- Generated by org.testng.reporters.JUnitReportReporter -->
<testsuite hostname="HYDMBCP1069" failures="0" tests="1" name="test.day2" time="0.014" errors="0" timestamp="2024-06-12T23:14:06 IST" skipped="0">
  <testcase classname="test.day2" name="ploan" time="0.014"/>
  <system-out/>
</testsuite> <!-- test.day2 -->
