<?xml version="1.0" encoding="UTF-8"?>
<!-- Generated by org.testng.reporters.JUnitReportReporter -->
<testsuite hostname="HYDMBCP1069" failures="0" tests="2" name="test.day1" time="0.019" errors="0" timestamp="2024-03-19T16:31:36 IST" skipped="0">
  <testcase classname="test.day1" name="SecondTest" time="0.001"/>
  <system-out/>
  <testcase classname="test.day1" name="Demo" time="0.018"/>
  <system-out/>
</testsuite> <!-- test.day1 -->
